<?xml version="1.0" encoding="UTF-8"?>
<testsuite xmlns:xsi="http://www.w3.org/2001/XMLSchema-instance" xsi:noNamespaceSchemaLocation="https://maven.apache.org/surefire/maven-surefire-plugin/xsd/surefire-test-report-3.0.xsd" version="3.0" name="com.bcopstein.ex7testeunitariocontamagica.ContaMagicaTest" time="0.046" tests="10" errors="0" skipped="0" failures="3">
  <properties>
[...]
</properties>
  <testcase name="testaExcecaoNumeroInvalido" classname="com.bcopstein.ex7testeunitariocontamagica.ContaMagicaTest" time="0.019"/>
  <testcase name="testaRetiradaInvalida" classname="com.bcopstein.ex7testeunitariocontamagica.ContaMagicaTest" time="0.001"/>
  <testcase name="testaCondicoesIniciais" classname="com.bcopstein.ex7testeunitariocontamagica.ContaMagicaTest" time="0.001"/>
  <testcase name="testaDepositoValidoSilver" classname="com.bcopstein.ex7testeunitariocontamagica.ContaMagicaTest" time="0.001"/>
  <testcase name="testaRetiradaValidaSilver" classname="com.bcopstein.ex7testeunitariocontamagica.ContaMagicaTest" time="0.001"/>
  <testcase name="testaUpgradeParaGold" classname="com.bcopstein.ex7testeunitariocontamagica.ContaMagicaTest" time="0.003">
    <failure message="expected: &lt;1&gt; but was: &lt;0&gt;" type="org.opentest4j.AssertionFailedError"><![CDATA[org.opentest4j.AssertionFailedError: expected: <1> but was: <0>
	at org.junit.jupiter.api.AssertionUtils.fail(AssertionUtils.java:55)
	at org.junit.jupiter.api.AssertionUtils.failNotEqual(AssertionUtils.java:62)
	at org.junit.jupiter.api.AssertEquals.assertEquals(AssertEquals.java:150)
	at org.junit.jupiter.api.AssertEquals.assertEquals(AssertEquals.java:145)
	at org.junit.jupiter.api.Assertions.assertEquals(Assertions.java:527)
	at com.bcopstein.ex7testeunitariocontamagica.ContaMagicaTest.testaUpgradeParaGold(ContaMagicaTest.java:55)
	at java.base/java.lang.reflect.Method.invoke(Method.java:580)
	at java.base/java.util.ArrayList.forEach(ArrayList.java:1596)
	at java.base/java.util.ArrayList.forEach(ArrayList.java:1596)
]]></failure>
  </testcase>
  <testcase name="testaUpgradeParaPlatinum" classname="com.bcopstein.ex7testeunitariocontamagica.ContaMagicaTest" time="0.001">
    <failure message="expected: &lt;2&gt; but was: &lt;0&gt;" type="org.opentest4j.AssertionFailedError"><![CDATA[org.opentest4j.AssertionFailedError: expected: <2> but was: <0>
	at org.junit.jupiter.api.AssertionUtils.fail(AssertionUtils.java:55)
	at org.junit.jupiter.api.AssertionUtils.failNotEqual(AssertionUtils.java:62)
	at org.junit.jupiter.api.AssertEquals.assertEquals(AssertEquals.java:150)
	at org.junit.jupiter.api.AssertEquals.assertEquals(AssertEquals.java:145)
	at org.junit.jupiter.api.Assertions.assertEquals(Assertions.java:527)
	at com.bcopstein.ex7testeunitariocontamagica.ContaMagicaTest.testaUpgradeParaPlatinum(ContaMagicaTest.java:103)
	at java.base/java.lang.reflect.Method.invoke(Method.java:580)
	at java.base/java.util.ArrayList.forEach(ArrayList.java:1596)
	at java.base/java.util.ArrayList.forEach(ArrayList.java:1596)
]]></failure>
  </testcase>
  <testcase name="testaDepositoInvalido" classname="com.bcopstein.ex7testeunitariocontamagica.ContaMagicaTest" time="0.0"/>
  <testcase name="testaDowngradeDeCategoria" classname="com.bcopstein.ex7testeunitariocontamagica.ContaMagicaTest" time="0.0"/>
  <testcase name="testaExcecaoNomeInvalido" classname="com.bcopstein.ex7testeunitariocontamagica.ContaMagicaTest" time="0.001">
    <failure message="expected: &lt;Nome inválido!&gt; but was: &lt;Nome invaido!&gt;" type="org.opentest4j.AssertionFailedError"><![CDATA[org.opentest4j.AssertionFailedError: expected: <Nome inválido!> but was: <Nome invaido!>
	at org.junit.jupiter.api.AssertionUtils.fail(AssertionUtils.java:55)
	at org.junit.jupiter.api.AssertionUtils.failNotEqual(AssertionUtils.java:62)
	at org.junit.jupiter.api.AssertEquals.assertEquals(AssertEquals.java:182)
	at org.junit.jupiter.api.AssertEquals.assertEquals(AssertEquals.java:177)
	at org.junit.jupiter.api.Assertions.assertEquals(Assertions.java:1141)
	at com.bcopstein.ex7testeunitariocontamagica.ContaMagicaTest.testaExcecaoNomeInvalido(ContaMagicaTest.java:66)
	at java.base/java.lang.reflect.Method.invoke(Method.java:580)
	at java.base/java.util.ArrayList.forEach(ArrayList.java:1596)
	at java.base/java.util.ArrayList.forEach(ArrayList.java:1596)
]]></failure>
  </testcase>
</testsuite>