<?xml version="1.0" encoding="UTF-8"?>
<testsuite xmlns:xsi="http://www.w3.org/2001/XMLSchema-instance" xsi:noNamespaceSchemaLocation="https://maven.apache.org/surefire/maven-surefire-plugin/xsd/surefire-test-report-3.0.xsd" version="3.0" name="com.bcopstein.ex7testeunitariocontamagica.ContaMagicaTest" time="0.045" tests="6" errors="0" skipped="0" failures="4">
  <properties>
[...]
</properties>
  <testcase name="testaExcecaoNumeroInvalido" classname="com.bcopstein.ex7testeunitariocontamagica.ContaMagicaTest" time="0.024">
    <failure message="expected: &lt;Numero de conta inválido&gt; but was: &lt;Numero de conta invalido&gt;" type="org.opentest4j.AssertionFailedError"><![CDATA[org.opentest4j.AssertionFailedError: expected: <Numero de conta inválido> but was: <Numero de conta invalido>
	at org.junit.jupiter.api.AssertionUtils.fail(AssertionUtils.java:55)
	at org.junit.jupiter.api.AssertionUtils.failNotEqual(AssertionUtils.java:62)
	at org.junit.jupiter.api.AssertEquals.assertEquals(AssertEquals.java:182)
	at org.junit.jupiter.api.AssertEquals.assertEquals(AssertEquals.java:177)
	at org.junit.jupiter.api.Assertions.assertEquals(Assertions.java:1141)
	at com.bcopstein.ex7testeunitariocontamagica.ContaMagicaTest.testaExcecaoNumeroInvalido(ContaMagicaTest.java:75)
	at java.base/java.lang.reflect.Method.invoke(Method.java:568)
	at java.base/java.util.ArrayList.forEach(ArrayList.java:1511)
	at java.base/java.util.ArrayList.forEach(ArrayList.java:1511)
]]></failure>
  </testcase>
  <testcase name="testaCondicoesIniciais" classname="com.bcopstein.ex7testeunitariocontamagica.ContaMagicaTest" time="0.002">
    <failure message="expected: &lt;123456-7&gt; but was: &lt;123456-21&gt;" type="org.opentest4j.AssertionFailedError"><![CDATA[org.opentest4j.AssertionFailedError: expected: <123456-7> but was: <123456-21>
	at org.junit.jupiter.api.AssertionUtils.fail(AssertionUtils.java:55)
	at org.junit.jupiter.api.AssertionUtils.failNotEqual(AssertionUtils.java:62)
	at org.junit.jupiter.api.AssertEquals.assertEquals(AssertEquals.java:182)
	at org.junit.jupiter.api.AssertEquals.assertEquals(AssertEquals.java:177)
	at org.junit.jupiter.api.Assertions.assertEquals(Assertions.java:1141)
	at com.bcopstein.ex7testeunitariocontamagica.ContaMagicaTest.testaCondicoesIniciais(ContaMagicaTest.java:24)
	at java.base/java.lang.reflect.Method.invoke(Method.java:568)
	at java.base/java.util.ArrayList.forEach(ArrayList.java:1511)
	at java.base/java.util.ArrayList.forEach(ArrayList.java:1511)
]]></failure>
  </testcase>
  <testcase name="testaDepositoValidoSilver" classname="com.bcopstein.ex7testeunitariocontamagica.ContaMagicaTest" time="0.001"/>
  <testcase name="testaUpgradeParaGold" classname="com.bcopstein.ex7testeunitariocontamagica.ContaMagicaTest" time="0.002">
    <failure message="expected: &lt;GOLD&gt; but was: &lt;SILVER&gt;" type="org.opentest4j.AssertionFailedError"><![CDATA[org.opentest4j.AssertionFailedError: expected: <GOLD> but was: <SILVER>
	at org.junit.jupiter.api.AssertionUtils.fail(AssertionUtils.java:55)
	at org.junit.jupiter.api.AssertionUtils.failNotEqual(AssertionUtils.java:62)
	at org.junit.jupiter.api.AssertEquals.assertEquals(AssertEquals.java:182)
	at org.junit.jupiter.api.AssertEquals.assertEquals(AssertEquals.java:177)
	at org.junit.jupiter.api.Assertions.assertEquals(Assertions.java:1141)
	at com.bcopstein.ex7testeunitariocontamagica.ContaMagicaTest.testaUpgradeParaGold(ContaMagicaTest.java:53)
	at java.base/java.lang.reflect.Method.invoke(Method.java:568)
	at java.base/java.util.ArrayList.forEach(ArrayList.java:1511)
	at java.base/java.util.ArrayList.forEach(ArrayList.java:1511)
]]></failure>
  </testcase>
  <testcase name="testaDepositoInvalido" classname="com.bcopstein.ex7testeunitariocontamagica.ContaMagicaTest" time="0.001"/>
  <testcase name="testaExcecaoNomeInvalido" classname="com.bcopstein.ex7testeunitariocontamagica.ContaMagicaTest" time="0.001">
    <failure message="expected: &lt;Nome inválido!&gt; but was: &lt;Nome invaido!&gt;" type="org.opentest4j.AssertionFailedError"><![CDATA[org.opentest4j.AssertionFailedError: expected: <Nome inválido!> but was: <Nome invaido!>
	at org.junit.jupiter.api.AssertionUtils.fail(AssertionUtils.java:55)
	at org.junit.jupiter.api.AssertionUtils.failNotEqual(AssertionUtils.java:62)
	at org.junit.jupiter.api.AssertEquals.assertEquals(AssertEquals.java:182)
	at org.junit.jupiter.api.AssertEquals.assertEquals(AssertEquals.java:177)
	at org.junit.jupiter.api.Assertions.assertEquals(Assertions.java:1141)
	at com.bcopstein.ex7testeunitariocontamagica.ContaMagicaTest.testaExcecaoNomeInvalido(ContaMagicaTest.java:64)
	at java.base/java.lang.reflect.Method.invoke(Method.java:568)
	at java.base/java.util.ArrayList.forEach(ArrayList.java:1511)
	at java.base/java.util.ArrayList.forEach(ArrayList.java:1511)
]]></failure>
  </testcase>
</testsuite>